\BOOKMARK [0][-]{chapter*.1}{\376\377\000T\000\363\000m\000\040\000T\036\257\000t\000\040\001\020\000\363\000n\000g\000\040\000G\000\363\000p\000\040\000C\036\347\000a\000\040\000C\000\341\000c\000\040\000T\000h\000\340\000n\000h\000\040\000V\000i\000\352\000n}{}% 1
\BOOKMARK [0][-]{chapter.1}{\376\377\000G\000i\036\333\000i\000\040\000T\000h\000i\036\307\000u\000\040\001\020\036\301\000\040\000T\000\340\000i}{}% 2
\BOOKMARK [1][-]{section.1.1}{\376\377\000B\036\321\000i\000\040\000c\036\243\000n\000h\000\040\000n\000g\000h\000i\000\352\000n\000\040\000c\036\351\000u}{chapter.1}% 3
\BOOKMARK [1][-]{section.1.2}{\376\377\000C\000h\036\347\000\040\001\021\036\301\000\040\000c\036\347\000a\000\040\000d\036\361\000\040\000\341\000n}{chapter.1}% 4
\BOOKMARK [1][-]{section.1.3}{\376\377\000M\036\345\000c\000\040\000t\000i\000\352\000u\000\040\000t\000h\000i\036\277\000t\000\040\000k\036\277}{chapter.1}% 5
\BOOKMARK [0][-]{chapter.2}{\376\377\000P\000h\001\260\001\241\000n\000g\000\040\000P\000h\000\341\000p\000\040\000L\000u\036\255\000n\000\040\000\046\000\040\000K\000i\036\277\000n\000\040\000T\000r\000\372\000c\000\040\000H\036\307\000\040\000T\000h\036\321\000n\000g}{}% 6
\BOOKMARK [1][-]{section.2.1}{\376\377\000P\000h\001\260\001\241\000n\000g\000\040\000p\000h\000\341\000p\000\040\000l\000u\036\255\000n\000\040\000t\000h\000i\036\277\000t\000\040\000k\036\277\000\040\000h\036\307\000\040\000t\000h\036\321\000n\000g}{chapter.2}% 7
\BOOKMARK [2][-]{subsection.2.1.1}{\376\377\000Q\000u\000y\000\040\000t\000r\000\354\000n\000h\000\040\000t\000h\000i\036\277\000t\000\040\000k\036\277\000\040\000T\000o\000p\000-\000D\000o\000w\000n\000\040\000k\036\277\000t\000\040\000h\036\343\000p\000\040\000B\000o\000t\000t\000o\000m\000-\000U\000p}{section.2.1}% 8
\BOOKMARK [2][-]{subsection.2.1.2}{\376\377\000M\000\364\000\040\000h\000\354\000n\000h\000\040\000h\000\363\000a\000\040\000p\000h\036\247\000n\000\040\000c\036\351\000n\000g\000\040\036\337\000\040\000m\036\351\000c\000\040\000R\000T\000L\000\040\000\050\000R\000T\000L\000\040\000M\000o\000d\000e\000l\000i\000n\000g\000\051}{section.2.1}% 9
\BOOKMARK [2][-]{subsection.2.1.3}{\376\377\000Q\000u\000y\000\040\000t\000r\000\354\000n\000h\000\040\000m\000\364\000\040\000p\000h\036\317\000n\000g\000\040\000v\000\340\000\040\000k\000i\036\303\000m\000\040\000c\000h\036\351\000n\000g\000\040\000d\036\361\000a\000\040\000t\000r\000\352\000n\000\040\000c\000\364\000n\000g\000\040\000c\036\345\000\040\000m\000\343\000\040\000n\000g\000u\036\323\000n\000\040\000m\036\337}{section.2.1}% 10
\BOOKMARK [2][-]{subsection.2.1.4}{\376\377\000M\000\364\000\040\000h\000\354\000n\000h\000\040\000h\000\363\000a\000\040\000c\000h\000i\000a\000\040\000s\036\273\000\040\000t\000\340\000i\000\040\000n\000g\000u\000y\000\352\000n\000\040\000v\000\340\000\040\000c\001\241\000\040\000c\000h\036\277\000\040\001\021\036\323\000n\000g\000\040\000b\036\331}{section.2.1}% 11
\BOOKMARK [1][-]{section.2.2}{\376\377\000K\000i\036\277\000n\000\040\000t\000r\000\372\000c\000\040\000t\036\255\000p\000\040\000l\036\307\000n\000h\000\040\000R\000I\000S\000C\000-\000V\000\040\000\050\000I\000S\000A\000\051\000\040\000\341\000p\000\040\000d\036\345\000n\000g\000\040\000t\000r\000o\000n\000g\000\040\000d\036\361\000\040\000\341\000n}{chapter.2}% 12
\BOOKMARK [2][-]{subsection.2.2.1}{\376\377\000T\036\325\000n\000g\000\040\000q\000u\000a\000n\000\040\000v\036\301\000\040\000t\036\255\000p\000\040\000c\000h\036\311\000\040\000t\000h\036\313\000\040\000R\000V\0003\0002\000I}{section.2.2}% 13
\BOOKMARK [2][-]{subsection.2.2.2}{\376\377\000T\036\255\000p\000\040\000t\000h\000a\000n\000h\000\040\000g\000h\000i\000\040\001\021\000a\000\040\000n\001\003\000n\000g\000\040\000\050\000R\000e\000g\000i\000s\000t\000e\000r\000\040\000F\000i\000l\000e\000\051}{section.2.2}% 14
\BOOKMARK [2][-]{subsection.2.2.3}{\376\377\000C\000\341\000c\000\040\000k\000i\036\303\000u\000\040\001\021\036\313\000n\000h\000\040\000d\036\241\000n\000g\000\040\000c\000h\036\311\000\040\000t\000h\036\313\000\040\000l\036\307\000n\000h\000\040\000c\001\241\000\040\000b\036\243\000n}{section.2.2}% 15
\BOOKMARK [2][-]{subsection.2.2.4}{\376\377\001\020\036\267\000c\000\040\000t\036\243\000\040\001\021\036\313\000n\000h\000\040\000d\036\241\000n\000g\000\040\000m\000\343\000\040\000h\000\363\000a\000\040\000v\000\340\000\040\000t\000r\001\260\036\335\000n\000g\000\040\000b\000i\000t\000\040\000c\036\347\000a\000\040\000c\000\341\000c\000\040\000l\036\307\000n\000h\000\040\000t\000h\036\361\000c\000\040\000h\000i\036\307\000n}{section.2.2}% 16
\BOOKMARK [2][-]{subsection.2.2.5}{\376\377\000C\000\341\000c\000\040\000b\036\243\000n\000g\000\040\000t\036\325\000n\000g\000\040\000h\036\343\000p\000\040\001\021\036\267\000c\000\040\000t\036\243\000\040\000m\000\343\000\040\000h\000\363\000a\000\040\000c\000h\036\311\000\040\000t\000h\036\313\000\040\000l\036\307\000n\000h}{section.2.2}% 17
\BOOKMARK [1][-]{section.2.3}{\376\377\000S\001\241\000\040\001\021\036\323\000\040\000c\036\245\000u\000\040\000t\000r\000\372\000c\000\040\000t\036\325\000n\000g\000\040\000t\000h\036\303\000\040\000h\036\307\000\040\000t\000h\036\321\000n\000g\000\040\0008\000-\000C\000o\000r\000e}{chapter.2}% 18
\BOOKMARK [1][-]{section.2.4}{\376\377\000T\000h\000i\036\277\000t\000\040\000k\036\277\000\040\001\021\001\260\036\335\000n\000g\000\040\000t\000r\000u\000y\036\301\000n\000\040\000d\036\357\000\040\000l\000i\036\307\000u\000\040\000\050\000D\000a\000t\000a\000p\000a\000t\000h\000\051\000\040\001\021\001\241\000n\000\040\000n\000h\000\342\000n}{chapter.2}% 19
\BOOKMARK [2][-]{subsection.2.4.1}{\376\377\000T\036\247\000n\000g\000\040\000N\036\241\000p\000\040\000c\000h\036\311\000\040\000t\000h\036\313\000\040\000\050\000I\000n\000s\000t\000r\000u\000c\000t\000i\000o\000n\000\040\000F\000e\000t\000c\000h\000\040\000-\000\040\000I\000F\000\051}{section.2.4}% 20
\BOOKMARK [2][-]{subsection.2.4.2}{\376\377\000T\036\247\000n\000g\000\040\000G\000i\036\243\000i\000\040\000m\000\343\000\040\000c\000h\036\311\000\040\000t\000h\036\313\000\040\000\050\000I\000n\000s\000t\000r\000u\000c\000t\000i\000o\000n\000\040\000D\000e\000c\000o\000d\000e\000\040\000-\000\040\000I\000D\000\051}{section.2.4}% 21
\BOOKMARK [2][-]{subsection.2.4.3}{\376\377\000T\036\247\000n\000g\000\040\000T\000h\036\361\000c\000\040\000t\000h\000i\000\040\000\050\000E\000x\000e\000c\000u\000t\000e\000\040\000-\000\040\000E\000X\000\051}{section.2.4}% 22
\BOOKMARK [2][-]{subsection.2.4.4}{\376\377\000T\036\247\000n\000g\000\040\000T\000r\000u\000y\000\040\000c\036\255\000p\000\040\000b\036\331\000\040\000n\000h\036\333\000\040\000\050\000M\000e\000m\000o\000r\000y\000\040\000A\000c\000c\000e\000s\000s\000\040\000-\000\040\000M\000E\000M\000\051}{section.2.4}% 23
\BOOKMARK [2][-]{subsection.2.4.5}{\376\377\000T\036\247\000n\000g\000\040\000G\000h\000i\000\040\000n\000g\001\260\036\343\000c\000\040\000\050\000W\000r\000i\000t\000e\000\040\000B\000a\000c\000k\000\040\000-\000\040\000W\000B\000\051}{section.2.4}% 24
\BOOKMARK [1][-]{section.2.5}{\376\377\000T\000h\000i\036\277\000t\000\040\000k\036\277\000\040\000K\000h\036\321\000i\000\040\001\021\000i\036\301\000u\000\040\000k\000h\000i\036\303\000n\000\040\000\050\000C\000o\000n\000t\000r\000o\000l\000\040\000U\000n\000i\000t\000\051\000\040\001\021\001\241\000n\000\040\000n\000h\000\342\000n}{chapter.2}% 25
\BOOKMARK [2][-]{subsection.2.5.1}{\376\377\000D\000a\000n\000h\000\040\000s\000\341\000c\000h\000\040\000c\000\341\000c\000\040\000t\000\355\000n\000\040\000h\000i\036\307\000u\000\040\001\021\000i\036\301\000u\000\040\000k\000h\000i\036\303\000n}{section.2.5}% 26
\BOOKMARK [2][-]{subsection.2.5.2}{\376\377\000B\036\331\000\040\000t\036\241\000o\000\040\000h\036\261\000n\000g\000\040\000s\036\321\000\040\000m\036\337\000\040\000r\036\331\000n\000g\000\040\000\050\000I\000m\000m\000e\000d\000i\000a\000t\000e\000\040\000G\000e\000n\000e\000r\000a\000t\000o\000r\000\051}{section.2.5}% 27
\BOOKMARK [2][-]{subsection.2.5.3}{\376\377\000B\036\243\000n\000g\000\040\000c\000h\000\342\000n\000\040\000t\000r\036\313\000\040\000c\000\341\000c\000\040\000t\000\355\000n\000\040\000h\000i\036\307\000u\000\040\001\021\000i\036\301\000u\000\040\000k\000h\000i\036\303\000n}{section.2.5}% 28
\BOOKMARK [1][-]{section.2.6}{\376\377\000C\001\241\000\040\000c\000h\036\277\000\040\000x\036\355\000\040\000l\000\375\000\040\000x\000u\000n\000g\000\040\001\021\036\331\000t\000\040\000t\000r\000o\000n\000g\000\040\000P\000i\000p\000e\000l\000i\000n\000e}{chapter.2}% 29
\BOOKMARK [1][-]{section.2.7}{\376\377\000B\036\331\000\040\000p\000h\000\342\000n\000\040\000x\036\355\000\040\000A\000r\000b\000i\000t\000e\000r\000\040\000v\000\340\000\040\000g\000i\000a\000o\000\040\000d\036\313\000c\000h\000\040\000n\000g\000u\000y\000\352\000n\000\040\000t\036\355}{chapter.2}% 30
\BOOKMARK [0][-]{chapter.3}{\376\377\000K\036\277\000t\000\040\000Q\000u\036\243\000\040\000M\000\364\000\040\000P\000h\036\317\000n\000g\000\040\000V\000\340\000\040\000T\000h\036\243\000o\000\040\000L\000u\036\255\000n}{}% 31
\BOOKMARK [1][-]{section.3.1}{\376\377\000K\036\277\000t\000\040\000q\000u\036\243\000\040\000k\000i\036\303\000m\000\040\000t\000h\036\355\000\040\001\021\001\241\000n\000\040\000n\000h\000\342\000n}{chapter.3}% 32
\BOOKMARK [1][-]{section.3.2}{\376\377\000K\036\277\000t\000\040\000q\000u\036\243\000\040\000k\000i\036\303\000m\000\040\000t\000h\036\355\000\040\000t\000\355\000c\000h\000\040\000h\036\343\000p\000\040\0008\000\040\000l\000\365\000i}{chapter.3}% 33
\BOOKMARK [1][-]{section.3.3}{\376\377\000T\000h\036\243\000o\000\040\000l\000u\036\255\000n\000\040\000v\036\301\000\040\000h\000i\036\307\000u\000\040\000n\001\003\000n\000g\000\040\000h\036\307\000\040\000t\000h\036\321\000n\000g}{chapter.3}% 34
\BOOKMARK [0][-]{chapter.4}{\376\377\000H\036\241\000n\000\040\000C\000h\036\277\000\040\000V\000\340\000\040\000H\001\260\036\333\000n\000g\000\040\000P\000h\000\341\000t\000\040\000T\000r\000i\036\303\000n}{}% 35
\BOOKMARK [1][-]{section.4.1}{\376\377\000H\036\241\000n\000\040\000c\000h\036\277\000\040\000h\000i\036\307\000n\000\040\000t\036\241\000i\000\040\000c\036\347\000a\000\040\001\021\036\301\000\040\000t\000\340\000i}{chapter.4}% 36
\BOOKMARK [1][-]{section.4.2}{\376\377\000H\001\260\036\333\000n\000g\000\040\000p\000h\000\341\000t\000\040\000t\000r\000i\036\303\000n\000\040\001\021\036\301\000\040\000t\000\340\000i}{chapter.4}% 37
\BOOKMARK [0][-]{chapter*.3}{\376\377\000T\000\340\000i\000\040\000L\000i\036\307\000u\000\040\000T\000h\000a\000m\000\040\000K\000h\036\243\000o}{}% 38
